TN:
SF:src/App.tsx
FN:30,(anonymous_0)
FN:63,(anonymous_1)
FN:65,(anonymous_2)
FN:82,(anonymous_3)
FN:85,(anonymous_4)
FN:92,(anonymous_5)
FN:98,(anonymous_6)
FN:99,(anonymous_7)
FN:104,(anonymous_8)
FN:105,(anonymous_9)
FN:111,(anonymous_10)
FN:119,(anonymous_11)
FN:47,(anonymous_12)
FNF:13
FNH:13
FNDA:5,(anonymous_0)
FNDA:6,(anonymous_1)
FNDA:6,(anonymous_2)
FNDA:1,(anonymous_3)
FNDA:4,(anonymous_4)
FNDA:6,(anonymous_5)
FNDA:1,(anonymous_6)
FNDA:1,(anonymous_7)
FNDA:1,(anonymous_8)
FNDA:1,(anonymous_9)
FNDA:2,(anonymous_10)
FNDA:1,(anonymous_11)
FNDA:9,(anonymous_12)
DA:1,1
DA:3,1
DA:4,1
DA:5,1
DA:7,1
DA:8,1
DA:10,1
DA:11,1
DA:12,1
DA:13,1
DA:14,1
DA:29,1
DA:31,5
DA:34,5
DA:35,5
DA:44,5
DA:48,9
DA:63,5
DA:65,6
DA:67,6
DA:69,6
DA:76,6
DA:82,5
DA:83,1
DA:85,4
DA:92,5
DA:93,6
DA:98,5
DA:99,1
DA:104,5
DA:105,1
DA:111,5
DA:114,2
DA:115,1
DA:118,1
DA:119,1
DA:124,1
LF:37
LH:37
BRDA:114,0,0,1
BRDA:34,1,0,5
BRDA:34,1,1,0
BRF:3
BRH:2
end_of_record
TN:
SF:src/ComputerEntropySource.ts
FN:7,(anonymous_0)
FN:12,(anonymous_1)
FN:14,(anonymous_2)
FNF:3
FNH:3
FNDA:4,(anonymous_0)
FNDA:1,(anonymous_1)
FNDA:1,(anonymous_2)
DA:3,3
DA:4,3
DA:5,3
DA:7,3
DA:12,4
DA:14,4
DA:15,1
DA:16,1
DA:20,0
DA:21,0
DA:23,0
LF:11
LH:8
BRDA:15,0,0,1
BRF:1
BRH:1
end_of_record
TN:
SF:src/Dice.tsx
FN:19,(anonymous_0)
FN:85,(anonymous_1)
FN:20,(anonymous_2)
FN:37,(anonymous_3)
FN:45,(anonymous_4)
FN:57,(anonymous_5)
FN:71,(anonymous_6)
FN:75,(anonymous_7)
FNF:8
FNH:8
FNDA:8,(anonymous_0)
FNDA:52,(anonymous_1)
FNDA:8,(anonymous_2)
FNDA:1,(anonymous_3)
FNDA:2,(anonymous_4)
FNDA:1,(anonymous_5)
FNDA:52,(anonymous_6)
FNDA:1,(anonymous_7)
DA:1,3
DA:4,3
DA:5,3
DA:15,3
DA:16,3
DA:17,3
DA:19,3
DA:21,8
DA:22,8
DA:23,52
DA:26,8
DA:38,1
DA:49,2
DA:50,2
DA:51,2
DA:52,1
DA:58,1
DA:72,52
DA:76,1
DA:77,1
DA:85,8
DA:86,52
DA:87,48
DA:90,4
LF:24
LH:24
BRDA:86,0,0,48
BRDA:49,1,0,2
BRDA:49,2,0,2
BRDA:49,2,1,2
BRDA:51,3,0,1
BRF:5
BRH:5
end_of_record
TN:
SF:src/DiceEntropySource.ts
FN:22,(anonymous_0)
FN:28,(anonymous_1)
FN:32,(anonymous_2)
FN:56,(anonymous_3)
FNF:4
FNH:4
FNDA:17,(anonymous_0)
FNDA:21,(anonymous_1)
FNDA:7,(anonymous_2)
FNDA:29,(anonymous_3)
DA:2,4
DA:4,4
DA:5,4
DA:6,4
DA:8,4
DA:23,17
DA:24,17
DA:25,17
DA:29,21
DA:33,7
DA:34,1
DA:37,6
DA:38,6
DA:39,6
DA:40,86
DA:42,8
DA:43,8
DA:46,86
DA:47,86
DA:48,86
DA:49,86
DA:50,86
DA:53,6
DA:57,29
DA:58,1
DA:61,28
DA:62,28
DA:63,97
DA:64,8
DA:65,8
DA:67,97
DA:68,97
DA:69,97
LF:33
LH:33
BRDA:33,0,0,1
BRDA:40,1,0,8
BRDA:57,2,0,1
BRDA:63,3,0,8
BRDA:68,4,0,33
BRDA:68,4,1,64
BRF:6
BRH:6
end_of_record
TN:
SF:src/Entropy.tsx
FN:22,(anonymous_0)
FN:76,(anonymous_1)
FN:80,(anonymous_2)
FN:29,(anonymous_3)
FN:38,(anonymous_4)
FN:51,(anonymous_5)
FN:67,(anonymous_6)
FNF:7
FNH:7
FNDA:4,(anonymous_0)
FNDA:3,(anonymous_1)
FNDA:1,(anonymous_2)
FNDA:5,(anonymous_3)
FNDA:1,(anonymous_4)
FNDA:1,(anonymous_5)
FNDA:1,(anonymous_6)
DA:1,2
DA:3,2
DA:5,2
DA:6,2
DA:7,2
DA:21,2
DA:23,4
DA:24,4
DA:30,5
DA:39,1
DA:52,1
DA:68,1
DA:76,4
DA:77,3
DA:78,2
DA:80,1
LF:16
LH:16
BRDA:77,0,0,2
BRDA:77,1,0,3
BRDA:77,1,1,2
BRDA:62,2,0,2
BRDA:62,2,1,3
BRDA:62,3,0,5
BRDA:62,3,1,2
BRF:7
BRH:7
end_of_record
TN:
SF:src/Menu.tsx
FN:20,(anonymous_0)
FN:32,(anonymous_1)
FN:41,(anonymous_2)
FN:50,(anonymous_3)
FNF:4
FNH:4
FNDA:7,(anonymous_0)
FNDA:1,(anonymous_1)
FNDA:1,(anonymous_2)
FNDA:1,(anonymous_3)
DA:1,2
DA:3,2
DA:4,2
DA:5,2
DA:15,2
DA:16,2
DA:17,2
DA:19,2
DA:21,7
DA:22,7
DA:23,7
DA:25,7
DA:32,1
DA:41,1
DA:50,1
DA:55,7
LF:16
LH:16
BRDA:30,0,0,7
BRDA:30,0,1,6
BRDA:39,1,0,7
BRDA:39,1,1,6
BRDA:48,2,0,7
BRDA:48,2,1,6
BRF:6
BRH:6
end_of_record
TN:
SF:src/Phrase.tsx
FN:6,(anonymous_0)
FN:19,(anonymous_1)
FN:31,(anonymous_2)
FNF:3
FNH:3
FNDA:4,(anonymous_0)
FNDA:2,(anonymous_1)
FNDA:5,(anonymous_2)
DA:1,4
DA:3,4
DA:6,4
DA:7,4
DA:8,4
DA:9,4
DA:18,4
DA:20,2
DA:29,2
DA:32,5
LF:10
LH:10
BRDA:6,0,0,4
BRDA:6,0,1,4
BRF:2
BRH:2
end_of_record
TN:
SF:src/PhrasePartUi.tsx
FN:35,(anonymous_0)
FNF:1
FNH:1
FNDA:6,(anonymous_0)
DA:1,5
DA:3,5
DA:34,5
DA:36,6
DA:42,6
LF:5
LH:5
BRDA:36,0,0,3
BRDA:36,0,1,3
BRDA:38,1,0,2
BRDA:38,1,1,1
BRDA:43,2,0,2
BRDA:43,2,1,4
BRDA:45,3,0,2
BRDA:45,3,1,2
BRF:8
BRH:8
end_of_record
TN:
SF:src/featureflags.ts
FN:1,(anonymous_0)
FN:4,(anonymous_1)
FNF:2
FNH:1
FNDA:5,(anonymous_0)
FNDA:0,(anonymous_1)
DA:1,1
DA:2,5
DA:4,1
DA:5,0
LF:4
LH:3
BRDA:2,0,0,0
BRDA:2,0,1,5
BRF:2
BRH:1
end_of_record
TN:
SF:src/loadeddice.ts
FN:8,(anonymous_0)
FN:22,(anonymous_1)
FN:26,(anonymous_2)
FNF:3
FNH:3
FNDA:35,(anonymous_0)
FNDA:2032,(anonymous_1)
FNDA:36,(anonymous_2)
DA:8,5
DA:9,35
DA:10,35
DA:11,1011
DA:12,1011
DA:13,1011
DA:14,33
DA:18,2
DA:22,5
DA:23,2032
DA:26,5
DA:27,36
DA:28,36
DA:29,118
DA:30,118
DA:33,36
LF:16
LH:16
BRDA:13,0,0,33
BRDA:13,1,0,1011
BRDA:13,1,1,38
BRF:3
BRH:3
end_of_record
TN:
SF:src/phraseAnimation.ts
FN:14,(anonymous_6)
FN:18,(anonymous_7)
FN:47,(anonymous_8)
FN:50,(anonymous_9)
FN:59,(anonymous_10)
FN:101,(anonymous_11)
FN:105,(anonymous_12)
FN:112,(anonymous_13)
FN:124,animatePhraseInit
FN:126,(anonymous_15)
FN:138,animatePhrase
FNF:11
FNH:10
FNDA:51,(anonymous_6)
FNDA:40,(anonymous_7)
FNDA:13,(anonymous_8)
FNDA:11,(anonymous_9)
FNDA:46,(anonymous_10)
FNDA:6,(anonymous_11)
FNDA:0,(anonymous_12)
FNDA:40,(anonymous_13)
FNDA:7,animatePhraseInit
FNDA:30,(anonymous_15)
FNDA:6,animatePhrase
DA:1,2
DA:5,2
DA:6,2
DA:7,2
DA:12,2
DA:14,2
DA:16,51
DA:18,2
DA:19,40
DA:20,40
DA:22,40
DA:47,2
DA:48,13
DA:50,2
DA:51,11
DA:52,11
DA:55,11
DA:59,11
DA:60,46
DA:62,12
DA:63,3
DA:70,43
DA:71,10
DA:75,33
DA:78,11
DA:80,11
DA:81,1
DA:83,1
DA:93,10
DA:101,2
DA:102,6
DA:103,6
DA:104,6
DA:106,0
DA:112,2
DA:113,40
DA:115,40
DA:124,2
DA:126,7
DA:127,30
DA:130,7
DA:138,2
DA:142,6
LF:43
LH:42
BRDA:52,0,0,3
BRDA:52,0,1,8
BRDA:56,1,0,3
BRDA:56,1,1,8
BRDA:60,2,0,12
BRDA:62,3,0,3
BRDA:70,4,0,10
BRDA:80,5,0,1
BRDA:80,6,0,11
BRDA:80,6,1,3
BRDA:103,7,0,6
BRDA:119,8,0,8
BRDA:119,8,1,32
BRF:13
BRH:13
end_of_record
TN:
SF:src/voiceofamerica.ts
FN:1531,(anonymous_0)
FN:1533,(anonymous_1)
FN:1534,(anonymous_2)
FN:1536,(anonymous_3)
FN:1538,(anonymous_4)
FN:1539,(anonymous_5)
FN:1541,(anonymous_6)
FN:1543,(anonymous_7)
FN:1544,(anonymous_8)
FN:1546,(anonymous_9)
FN:1548,(anonymous_10)
FN:1549,(anonymous_11)
FN:1551,(anonymous_12)
FN:1553,(anonymous_13)
FN:1554,(anonymous_14)
FN:1556,(anonymous_15)
FN:1558,(anonymous_16)
FN:1559,(anonymous_17)
FN:1561,(anonymous_18)
FN:1563,(anonymous_19)
FN:1564,(anonymous_20)
FNF:21
FNH:21
FNDA:10,(anonymous_0)
FNDA:15100,(anonymous_1)
FNDA:10420,(anonymous_2)
FNDA:10,(anonymous_3)
FNDA:15100,(anonymous_4)
FNDA:7590,(anonymous_5)
FNDA:10,(anonymous_6)
FNDA:15100,(anonymous_7)
FNDA:3380,(anonymous_8)
FNDA:10,(anonymous_9)
FNDA:15100,(anonymous_10)
FNDA:1400,(anonymous_11)
FNDA:10,(anonymous_12)
FNDA:15100,(anonymous_13)
FNDA:410,(anonymous_14)
FNDA:10,(anonymous_15)
FNDA:15100,(anonymous_16)
FNDA:300,(anonymous_17)
FNDA:10,(anonymous_18)
FNDA:15100,(anonymous_19)
FNDA:340,(anonymous_20)
DA:2,10
DA:3,10
DA:4,10
DA:5,10
DA:6,10
DA:7,10
DA:8,10
DA:18,10
DA:1531,10
DA:1532,10
DA:1533,15100
DA:1534,10420
DA:1536,10
DA:1537,10
DA:1538,15100
DA:1539,7590
DA:1541,10
DA:1542,10
DA:1543,15100
DA:1544,3380
DA:1546,10
DA:1547,10
DA:1548,15100
DA:1549,1400
DA:1551,10
DA:1552,10
DA:1553,15100
DA:1554,410
DA:1556,10
DA:1557,10
DA:1558,15100
DA:1559,300
DA:1561,10
DA:1562,10
DA:1563,15100
DA:1564,340
LF:36
LH:36
BRF:0
BRH:0
end_of_record
TN:
SF:src/wordbanks.ts
FN:5,(anonymous_1)
FN:41,(anonymous_2)
FN:43,(anonymous_3)
FN:45,(anonymous_4)
FN:106,(anonymous_5)
FN:107,(anonymous_6)
FN:111,(anonymous_7)
FN:112,(anonymous_8)
FN:116,(anonymous_9)
FN:117,(anonymous_10)
FN:121,(anonymous_11)
FN:122,(anonymous_12)
FN:126,(anonymous_13)
FN:127,(anonymous_14)
FN:131,(anonymous_15)
FN:132,(anonymous_16)
FN:136,(anonymous_17)
FN:137,(anonymous_18)
FN:151,(anonymous_19)
FN:152,(anonymous_20)
FNF:20
FNH:20
FNDA:10,(anonymous_1)
FNDA:110,(anonymous_2)
FNDA:70,(anonymous_3)
FNDA:145150,(anonymous_4)
FNDA:10240,(anonymous_5)
FNDA:10240,(anonymous_6)
FNDA:5120,(anonymous_7)
FNDA:5120,(anonymous_8)
FNDA:2560,(anonymous_9)
FNDA:2560,(anonymous_10)
FNDA:1280,(anonymous_11)
FNDA:1280,(anonymous_12)
FNDA:320,(anonymous_13)
FNDA:320,(anonymous_14)
FNDA:160,(anonymous_15)
FNDA:160,(anonymous_16)
FNDA:320,(anonymous_17)
FNDA:320,(anonymous_18)
FNDA:160,(anonymous_19)
FNDA:160,(anonymous_20)
DA:1,10
DA:3,10
DA:5,10
DA:6,10
DA:7,10
DA:8,10
DA:9,10
DA:10,10
DA:11,10
DA:12,10
DA:13,10
DA:14,10
DA:15,10
DA:16,10
DA:20,10
DA:41,110
DA:43,10
DA:44,70
DA:45,145150
DA:48,10
DA:49,10
DA:50,10
DA:51,10
DA:52,10
DA:53,10
DA:54,10
DA:55,10
DA:62,10
DA:103,10
DA:106,10240
DA:107,10240
DA:111,5120
DA:112,5120
DA:116,2560
DA:117,2560
DA:121,1280
DA:122,1280
DA:126,320
DA:127,320
DA:131,160
DA:132,160
DA:136,320
DA:137,320
DA:151,160
DA:152,160
LF:45
LH:45
BRDA:5,0,0,10
BRDA:5,0,1,10
BRF:2
BRH:2
end_of_record
TN:
SF:src/logic/PhrasePart.ts
FN:13,(anonymous_0)
FN:18,(anonymous_1)
FN:22,(anonymous_2)
FN:26,(anonymous_3)
FN:30,(anonymous_4)
FNF:5
FNH:5
FNDA:244,(anonymous_0)
FNDA:324,(anonymous_1)
FNDA:17,(anonymous_2)
FNDA:28,(anonymous_3)
FNDA:4,(anonymous_4)
DA:9,8
DA:14,244
DA:15,244
DA:19,324
DA:23,17
DA:27,28
DA:31,4
DA:32,0
DA:34,4
LF:9
LH:8
BRDA:31,0,0,0
BRF:1
BRH:0
end_of_record
TN:
SF:src/logic/phrase.ts
FN:12,generatePhrasePlain
FN:13,(anonymous_7)
FN:18,entropyNeededForPhrase
FN:20,(anonymous_9)
FNF:4
FNH:4
FNDA:7,generatePhrasePlain
FNDA:28,(anonymous_7)
FNDA:40,entropyNeededForPhrase
FNDA:240,(anonymous_9)
DA:1,5
DA:2,5
DA:12,5
DA:13,7
DA:14,28
DA:18,5
DA:19,40
DA:20,240
LF:8
LH:8
BRDA:14,0,0,20
BRDA:14,0,1,8
BRDA:14,1,0,28
BRDA:14,1,1,28
BRF:4
BRH:4
end_of_record
TN:
SF:src/logic/phraseTemplates.ts
FN:5,makePhraseSimple
FN:28,makePhraseMedium
FN:55,makePhraseHard
FNF:3
FNH:3
FNDA:26,makePhraseSimple
FNDA:5,makePhraseMedium
FNDA:13,makePhraseHard
DA:1,7
DA:3,7
DA:5,7
DA:6,26
DA:7,26
DA:8,26
DA:9,26
DA:11,26
DA:28,7
DA:29,5
DA:30,5
DA:31,5
DA:32,5
DA:33,5
DA:34,5
DA:36,5
DA:55,7
DA:56,13
DA:57,13
DA:58,13
DA:59,13
DA:60,13
DA:61,13
DA:62,13
DA:63,13
DA:65,13
LF:26
LH:26
BRF:0
BRH:0
end_of_record
TN:
SF:src/logic/tree.ts
FN:12,visitTreeWithDependencies
FN:13,(anonymous_1)
FN:19,visitSubTreeWithDependencies
FN:20,(anonymous_3)
FNF:4
FNH:4
FNDA:8,visitTreeWithDependencies
FNDA:23,(anonymous_1)
FNDA:32,visitSubTreeWithDependencies
FNDA:9,(anonymous_3)
DA:12,6
DA:13,8
DA:14,23
DA:15,23
DA:20,32
DA:21,9
DA:22,9
LF:7
LH:7
BRF:0
BRH:0
end_of_record
TN:
SF:src/logic/wordGenerator.ts
FN:5,generateIndependentPlainValue
FN:18,generatePhrasePartQuantity
FN:33,generateNounQuantity
FN:47,pluralizeNoun
FN:50,(anonymous_10)
FN:56,(anonymous_11)
FN:59,(anonymous_12)
FN:62,(anonymous_13)
FN:76,generateVerbQuantity
FN:90,generateDependentPlainValue
FN:102,generatePlainValueForPhrasePart
FN:116,mutatePhrasePartWithPlainValue
FN:117,(anonymous_18)
FNF:13
FNH:13
FNDA:26,generateIndependentPlainValue
FNDA:26,generatePhrasePartQuantity
FNDA:6,generateNounQuantity
FNDA:9,pluralizeNoun
FNDA:38,(anonymous_10)
FNDA:30,(anonymous_11)
FNDA:91,(anonymous_12)
FNDA:70,(anonymous_13)
FNDA:1,generateVerbQuantity
FNDA:7,generateDependentPlainValue
FNDA:26,generatePlainValueForPhrasePart
FNDA:6,mutatePhrasePartWithPlainValue
FNDA:26,(anonymous_18)
DA:2,2
DA:9,26
DA:11,26
DA:12,6
DA:14,20
DA:23,26
DA:24,6
DA:26,20
DA:27,1
DA:30,19
DA:34,6
DA:36,6
DA:37,5
DA:40,1
DA:43,2
DA:44,2
DA:45,2
DA:47,2
DA:50,38
DA:51,2
DA:52,1
DA:54,1
DA:56,30
DA:57,2
DA:59,91
DA:60,1
DA:62,70
DA:63,1
DA:65,3
DA:66,1
DA:68,2
DA:69,1
DA:73,1
DA:77,1
DA:79,1
DA:80,0
DA:84,1
DA:85,0
DA:87,1
DA:95,7
DA:96,7
DA:99,0
DA:102,2
DA:107,26
DA:109,19
DA:112,7
DA:116,2
DA:117,6
DA:118,26
LF:49
LH:46
BRDA:11,0,0,6
BRDA:11,0,1,20
BRDA:23,1,0,6
BRDA:26,2,0,1
BRDA:36,3,0,5
BRDA:50,4,0,2
BRDA:51,5,0,1
BRDA:56,6,0,2
BRDA:59,7,0,1
BRDA:62,8,0,1
BRDA:65,9,0,1
BRDA:68,10,0,1
BRDA:79,11,0,0
BRDA:84,12,0,0
BRDA:84,13,0,1
BRDA:84,13,1,1
BRDA:95,14,0,7
BRDA:107,15,0,19
BRDA:107,15,1,7
BRF:19
BRH:17
end_of_record
TN:
SF:src/test/testPhraseTemplates.ts
FN:5,makeTestPhraseOfOneNoun
FNF:1
FNH:1
FNDA:1,makeTestPhraseOfOneNoun
DA:1,1
DA:2,1
DA:5,1
DA:6,1
DA:7,1
LF:5
LH:5
BRF:0
BRH:0
end_of_record
TN:
SF:src/ui/phrasePartUiProps.ts
FN:4,(anonymous_0)
FN:6,makePhrasePartUiProps
FN:7,(anonymous_2)
FNF:3
FNH:3
FNDA:39,(anonymous_0)
FNDA:10,makePhrasePartUiProps
FNDA:39,(anonymous_2)
DA:4,39
DA:6,3
DA:7,39
LF:3
LH:3
BRF:0
BRH:0
end_of_record
