TN:
SF:src/App.tsx
FN:31,(anonymous_6)
FN:69,(anonymous_7)
FN:71,(anonymous_8)
FN:88,(anonymous_9)
FN:91,(anonymous_10)
FN:98,(anonymous_11)
FN:104,(anonymous_12)
FN:105,(anonymous_13)
FN:110,(anonymous_14)
FN:111,(anonymous_15)
FN:117,(anonymous_16)
FN:119,(anonymous_17)
FN:48,(anonymous_18)
FN:50,(anonymous_19)
FNF:14
FNH:14
FNDA:5,(anonymous_6)
FNDA:6,(anonymous_7)
FNDA:6,(anonymous_8)
FNDA:1,(anonymous_9)
FNDA:3,(anonymous_10)
FNDA:6,(anonymous_11)
FNDA:1,(anonymous_12)
FNDA:1,(anonymous_13)
FNDA:1,(anonymous_14)
FNDA:1,(anonymous_15)
FNDA:1,(anonymous_16)
FNDA:1,(anonymous_17)
FNDA:9,(anonymous_18)
FNDA:32,(anonymous_19)
DA:1,1
DA:3,1
DA:4,1
DA:5,1
DA:7,1
DA:8,1
DA:10,1
DA:11,1
DA:12,1
DA:13,1
DA:14,1
DA:15,1
DA:30,1
DA:32,5
DA:35,5
DA:36,5
DA:45,5
DA:49,9
DA:50,32
DA:52,9
DA:69,5
DA:71,6
DA:73,6
DA:75,6
DA:82,6
DA:88,5
DA:89,1
DA:91,3
DA:98,5
DA:99,6
DA:104,5
DA:105,1
DA:110,5
DA:111,1
DA:117,5
DA:118,1
DA:119,1
DA:124,1
LF:38
LH:38
BRDA:35,0,0,5
BRDA:35,0,1,0
BRF:2
BRH:1
end_of_record
TN:
SF:src/ComputerEntropySource.ts
FN:7,(anonymous_0)
FN:12,(anonymous_1)
FN:14,(anonymous_2)
FNF:3
FNH:3
FNDA:4,(anonymous_0)
FNDA:1,(anonymous_1)
FNDA:1,(anonymous_2)
DA:3,3
DA:4,3
DA:5,3
DA:7,3
DA:12,4
DA:14,4
DA:15,1
DA:16,1
DA:20,0
DA:21,0
DA:23,0
LF:11
LH:8
BRDA:15,0,0,1
BRF:1
BRH:1
end_of_record
TN:
SF:src/Dice.tsx
FN:18,(anonymous_0)
FN:84,(anonymous_1)
FN:19,(anonymous_2)
FN:36,(anonymous_3)
FN:44,(anonymous_4)
FN:56,(anonymous_5)
FN:70,(anonymous_6)
FN:74,(anonymous_7)
FNF:8
FNH:8
FNDA:8,(anonymous_0)
FNDA:52,(anonymous_1)
FNDA:8,(anonymous_2)
FNDA:1,(anonymous_3)
FNDA:2,(anonymous_4)
FNDA:1,(anonymous_5)
FNDA:52,(anonymous_6)
FNDA:1,(anonymous_7)
DA:1,3
DA:14,3
DA:15,3
DA:16,3
DA:18,3
DA:20,8
DA:21,8
DA:22,52
DA:25,8
DA:37,1
DA:48,2
DA:49,2
DA:50,2
DA:51,1
DA:57,1
DA:71,52
DA:75,1
DA:76,1
DA:84,8
DA:85,52
DA:86,48
DA:89,4
LF:22
LH:22
BRDA:85,0,0,48
BRDA:48,1,0,2
BRDA:48,2,0,2
BRDA:48,2,1,2
BRDA:50,3,0,1
BRF:5
BRH:5
end_of_record
TN:
SF:src/DiceEntropySource.ts
FN:22,(anonymous_0)
FN:28,(anonymous_1)
FN:32,(anonymous_2)
FN:56,(anonymous_3)
FNF:4
FNH:4
FNDA:17,(anonymous_0)
FNDA:21,(anonymous_1)
FNDA:7,(anonymous_2)
FNDA:29,(anonymous_3)
DA:2,4
DA:4,4
DA:5,4
DA:6,4
DA:8,4
DA:23,17
DA:24,17
DA:25,17
DA:29,21
DA:33,7
DA:34,1
DA:37,6
DA:38,6
DA:39,6
DA:40,86
DA:42,8
DA:43,8
DA:46,86
DA:47,86
DA:48,86
DA:49,86
DA:50,86
DA:53,6
DA:57,29
DA:58,1
DA:61,28
DA:62,28
DA:63,97
DA:64,8
DA:65,8
DA:67,97
DA:68,97
DA:69,97
LF:33
LH:33
BRDA:33,0,0,1
BRDA:40,1,0,8
BRDA:57,2,0,1
BRDA:63,3,0,8
BRDA:68,4,0,33
BRDA:68,4,1,64
BRF:6
BRH:6
end_of_record
TN:
SF:src/Entropy.tsx
FN:23,(anonymous_0)
FN:91,(anonymous_1)
FN:95,(anonymous_2)
FN:30,(anonymous_3)
FN:52,(anonymous_4)
FN:65,(anonymous_5)
FN:82,(anonymous_6)
FNF:7
FNH:7
FNDA:6,(anonymous_0)
FNDA:3,(anonymous_1)
FNDA:1,(anonymous_2)
FNDA:7,(anonymous_3)
FNDA:1,(anonymous_4)
FNDA:1,(anonymous_5)
FNDA:1,(anonymous_6)
DA:1,2
DA:3,2
DA:5,2
DA:6,2
DA:7,2
DA:22,2
DA:24,6
DA:25,6
DA:31,7
DA:32,1
DA:35,6
DA:44,6
DA:53,1
DA:66,1
DA:83,1
DA:91,6
DA:92,3
DA:93,2
DA:95,1
LF:19
LH:19
BRDA:92,0,0,2
BRDA:92,1,0,3
BRDA:92,1,1,2
BRDA:31,2,0,1
BRDA:36,3,0,4
BRDA:36,3,1,2
BRDA:38,4,0,1
BRDA:38,4,1,1
BRDA:76,5,0,2
BRDA:76,5,1,4
BRDA:76,6,0,6
BRDA:76,6,1,2
BRF:12
BRH:12
end_of_record
TN:
SF:src/Menu.tsx
FN:16,(anonymous_0)
FN:25,(anonymous_1)
FN:32,(anonymous_2)
FN:39,(anonymous_3)
FNF:4
FNH:4
FNDA:6,(anonymous_0)
FNDA:1,(anonymous_1)
FNDA:1,(anonymous_2)
FNDA:1,(anonymous_3)
DA:1,2
DA:3,2
DA:5,2
DA:15,2
DA:17,6
DA:20,6
DA:25,1
DA:32,1
DA:39,1
DA:44,6
LF:10
LH:10
BRDA:17,0,0,6
BRDA:17,0,1,5
BRF:2
BRH:2
end_of_record
TN:
SF:src/Phrase.tsx
FN:6,(anonymous_0)
FN:19,(anonymous_1)
FN:22,(anonymous_2)
FNF:3
FNH:3
FNDA:4,(anonymous_0)
FNDA:2,(anonymous_1)
FNDA:4,(anonymous_2)
DA:1,4
DA:3,4
DA:6,4
DA:7,4
DA:8,4
DA:9,4
DA:18,4
DA:20,2
DA:21,2
DA:23,4
LF:10
LH:10
BRDA:6,0,0,4
BRDA:6,0,1,4
BRF:2
BRH:2
end_of_record
TN:
SF:src/PhrasePartUi.tsx
FN:35,(anonymous_0)
FNF:1
FNH:1
FNDA:6,(anonymous_0)
DA:1,5
DA:3,5
DA:34,5
DA:36,6
DA:42,6
LF:5
LH:5
BRDA:36,0,0,3
BRDA:36,0,1,3
BRDA:38,1,0,2
BRDA:38,1,1,1
BRDA:43,2,0,2
BRDA:43,2,1,4
BRDA:45,3,0,2
BRDA:45,3,1,2
BRF:8
BRH:8
end_of_record
TN:
SF:src/featureflags.ts
FN:1,(anonymous_0)
FN:4,(anonymous_1)
FNF:2
FNH:1
FNDA:5,(anonymous_0)
FNDA:0,(anonymous_1)
DA:1,1
DA:2,5
DA:4,1
DA:5,0
LF:4
LH:3
BRDA:2,0,0,0
BRDA:2,0,1,5
BRF:2
BRH:1
end_of_record
TN:
SF:src/loadeddice.ts
FN:8,(anonymous_0)
FN:22,(anonymous_1)
FN:26,(anonymous_2)
FNF:3
FNH:3
FNDA:35,(anonymous_0)
FNDA:2032,(anonymous_1)
FNDA:36,(anonymous_2)
DA:8,5
DA:9,35
DA:10,35
DA:11,1011
DA:12,1011
DA:13,1011
DA:14,33
DA:18,2
DA:22,5
DA:23,2032
DA:26,5
DA:27,36
DA:28,36
DA:29,118
DA:30,118
DA:33,36
LF:16
LH:16
BRDA:13,0,0,33
BRDA:13,1,0,1011
BRDA:13,1,1,38
BRF:3
BRH:3
end_of_record
TN:
SF:src/phraseAnimation.ts
FN:14,(anonymous_6)
FN:18,(anonymous_7)
FN:47,(anonymous_8)
FN:50,(anonymous_9)
FN:59,(anonymous_10)
FN:101,(anonymous_11)
FN:105,(anonymous_12)
FN:112,(anonymous_13)
FN:124,(anonymous_14)
FN:126,(anonymous_15)
FN:138,animatePhrase
FNF:11
FNH:10
FNDA:44,(anonymous_6)
FNDA:33,(anonymous_7)
FNDA:13,(anonymous_8)
FNDA:11,(anonymous_9)
FNDA:38,(anonymous_10)
FNDA:6,(anonymous_11)
FNDA:0,(anonymous_12)
FNDA:33,(anonymous_13)
FNDA:6,(anonymous_14)
FNDA:23,(anonymous_15)
FNDA:6,animatePhrase
DA:1,2
DA:5,2
DA:6,2
DA:7,2
DA:12,2
DA:14,2
DA:16,44
DA:18,2
DA:19,33
DA:20,33
DA:22,33
DA:47,2
DA:48,13
DA:50,2
DA:51,11
DA:52,11
DA:55,11
DA:59,11
DA:60,38
DA:62,9
DA:63,3
DA:70,35
DA:71,10
DA:75,25
DA:78,11
DA:80,11
DA:81,1
DA:83,1
DA:93,10
DA:101,2
DA:102,6
DA:103,6
DA:104,6
DA:106,0
DA:112,2
DA:113,33
DA:115,33
DA:124,2
DA:126,6
DA:127,23
DA:130,6
DA:138,2
DA:142,6
LF:43
LH:42
BRDA:52,0,0,3
BRDA:52,0,1,8
BRDA:56,1,0,3
BRDA:56,1,1,8
BRDA:60,2,0,9
BRDA:62,3,0,3
BRDA:70,4,0,10
BRDA:80,5,0,1
BRDA:80,6,0,11
BRDA:80,6,1,3
BRDA:103,7,0,6
BRDA:119,8,0,2
BRDA:119,8,1,31
BRF:13
BRH:13
end_of_record
TN:
SF:src/voiceofamerica.ts
FN:1531,(anonymous_0)
FN:1533,(anonymous_1)
FN:1534,(anonymous_2)
FN:1536,(anonymous_3)
FN:1538,(anonymous_4)
FN:1539,(anonymous_5)
FN:1541,(anonymous_6)
FN:1543,(anonymous_7)
FN:1544,(anonymous_8)
FN:1546,(anonymous_9)
FN:1548,(anonymous_10)
FN:1549,(anonymous_11)
FN:1551,(anonymous_12)
FN:1553,(anonymous_13)
FN:1554,(anonymous_14)
FN:1556,(anonymous_15)
FN:1558,(anonymous_16)
FN:1559,(anonymous_17)
FN:1561,(anonymous_18)
FN:1563,(anonymous_19)
FN:1564,(anonymous_20)
FNF:21
FNH:21
FNDA:9,(anonymous_0)
FNDA:13590,(anonymous_1)
FNDA:9378,(anonymous_2)
FNDA:9,(anonymous_3)
FNDA:13590,(anonymous_4)
FNDA:6831,(anonymous_5)
FNDA:9,(anonymous_6)
FNDA:13590,(anonymous_7)
FNDA:3042,(anonymous_8)
FNDA:9,(anonymous_9)
FNDA:13590,(anonymous_10)
FNDA:1260,(anonymous_11)
FNDA:9,(anonymous_12)
FNDA:13590,(anonymous_13)
FNDA:369,(anonymous_14)
FNDA:9,(anonymous_15)
FNDA:13590,(anonymous_16)
FNDA:270,(anonymous_17)
FNDA:9,(anonymous_18)
FNDA:13590,(anonymous_19)
FNDA:306,(anonymous_20)
DA:2,9
DA:3,9
DA:4,9
DA:5,9
DA:6,9
DA:7,9
DA:8,9
DA:18,9
DA:1531,9
DA:1532,9
DA:1533,13590
DA:1534,9378
DA:1536,9
DA:1537,9
DA:1538,13590
DA:1539,6831
DA:1541,9
DA:1542,9
DA:1543,13590
DA:1544,3042
DA:1546,9
DA:1547,9
DA:1548,13590
DA:1549,1260
DA:1551,9
DA:1552,9
DA:1553,13590
DA:1554,369
DA:1556,9
DA:1557,9
DA:1558,13590
DA:1559,270
DA:1561,9
DA:1562,9
DA:1563,13590
DA:1564,306
LF:36
LH:36
BRF:0
BRH:0
end_of_record
TN:
SF:src/wordbanks.ts
FN:5,(anonymous_1)
FN:41,(anonymous_2)
FN:43,(anonymous_3)
FN:45,(anonymous_4)
FN:106,(anonymous_5)
FN:107,(anonymous_6)
FN:111,(anonymous_7)
FN:112,(anonymous_8)
FN:116,(anonymous_9)
FN:117,(anonymous_10)
FN:121,(anonymous_11)
FN:122,(anonymous_12)
FN:126,(anonymous_13)
FN:127,(anonymous_14)
FN:131,(anonymous_15)
FN:132,(anonymous_16)
FN:136,(anonymous_17)
FN:137,(anonymous_18)
FN:151,(anonymous_19)
FN:152,(anonymous_20)
FNF:20
FNH:20
FNDA:9,(anonymous_1)
FNDA:99,(anonymous_2)
FNDA:63,(anonymous_3)
FNDA:130669,(anonymous_4)
FNDA:9216,(anonymous_5)
FNDA:9216,(anonymous_6)
FNDA:4608,(anonymous_7)
FNDA:4608,(anonymous_8)
FNDA:2304,(anonymous_9)
FNDA:2304,(anonymous_10)
FNDA:1152,(anonymous_11)
FNDA:1152,(anonymous_12)
FNDA:288,(anonymous_13)
FNDA:288,(anonymous_14)
FNDA:144,(anonymous_15)
FNDA:144,(anonymous_16)
FNDA:288,(anonymous_17)
FNDA:288,(anonymous_18)
FNDA:144,(anonymous_19)
FNDA:144,(anonymous_20)
DA:1,9
DA:3,9
DA:5,9
DA:6,9
DA:7,9
DA:8,9
DA:9,9
DA:10,9
DA:11,9
DA:12,9
DA:13,9
DA:14,9
DA:15,9
DA:16,9
DA:20,9
DA:41,99
DA:43,9
DA:44,63
DA:45,130669
DA:48,9
DA:49,9
DA:50,9
DA:51,9
DA:52,9
DA:53,9
DA:54,9
DA:55,9
DA:62,9
DA:103,9
DA:106,9216
DA:107,9216
DA:111,4608
DA:112,4608
DA:116,2304
DA:117,2304
DA:121,1152
DA:122,1152
DA:126,288
DA:127,288
DA:131,144
DA:132,144
DA:136,288
DA:137,288
DA:151,144
DA:152,144
LF:45
LH:45
BRDA:5,0,0,9
BRDA:5,0,1,9
BRF:2
BRH:2
end_of_record
TN:
SF:src/logic/PhrasePart.ts
FN:13,(anonymous_0)
FN:18,(anonymous_1)
FN:22,(anonymous_2)
FN:26,(anonymous_3)
FN:30,(anonymous_4)
FNF:5
FNH:5
FNDA:82,(anonymous_0)
FNDA:106,(anonymous_1)
FNDA:17,(anonymous_2)
FNDA:25,(anonymous_3)
FNDA:4,(anonymous_4)
DA:9,6
DA:14,82
DA:15,82
DA:19,106
DA:23,17
DA:27,25
DA:31,4
DA:32,0
DA:34,4
LF:9
LH:8
BRDA:31,0,0,0
BRF:1
BRH:0
end_of_record
TN:
SF:src/logic/phrase.ts
FN:11,generatePhrasePlain
FN:12,(anonymous_1)
FNF:2
FNH:2
FNDA:7,generatePhrasePlain
FNDA:25,(anonymous_1)
DA:1,2
DA:11,2
DA:12,7
DA:13,25
LF:4
LH:4
BRDA:13,0,0,17
BRDA:13,0,1,8
BRDA:13,1,0,25
BRDA:13,1,1,25
BRF:4
BRH:4
end_of_record
TN:
SF:src/logic/phraseTemplates.ts
FN:5,makePhraseSimple
FN:26,makePhraseMedium
FN:51,makePhraseHard
FNF:3
FNH:3
FNDA:14,makePhraseSimple
FNDA:2,makePhraseMedium
FNDA:3,makePhraseHard
DA:1,4
DA:3,4
DA:5,4
DA:6,14
DA:7,14
DA:8,14
DA:10,14
DA:26,4
DA:27,2
DA:28,2
DA:29,2
DA:30,2
DA:31,2
DA:33,2
DA:51,4
DA:52,3
DA:53,3
DA:54,3
DA:55,3
DA:56,3
DA:57,3
DA:58,3
DA:59,3
DA:61,3
LF:24
LH:24
BRF:0
BRH:0
end_of_record
TN:
SF:src/logic/tree.ts
FN:12,visitTreeWithDependencies
FN:13,(anonymous_1)
FN:19,visitSubTreeWithDependencies
FN:20,(anonymous_3)
FNF:4
FNH:4
FNDA:8,visitTreeWithDependencies
FNDA:20,(anonymous_1)
FNDA:29,visitSubTreeWithDependencies
FNDA:9,(anonymous_3)
DA:12,3
DA:13,8
DA:14,20
DA:15,20
DA:20,29
DA:21,9
DA:22,9
LF:7
LH:7
BRF:0
BRH:0
end_of_record
TN:
SF:src/logic/wordGenerator.ts
FN:5,generateIndependentPlainValue
FN:18,generatePhrasePartQuantity
FN:33,generateNounQuantity
FN:47,pluralizeNoun
FN:50,(anonymous_10)
FN:56,(anonymous_11)
FN:59,(anonymous_12)
FN:62,(anonymous_13)
FN:76,generateVerbQuantity
FN:90,generateDependentPlainValue
FN:102,generatePlainValueForPhrasePart
FN:116,mutatePhrasePartWithPlainValue
FN:117,(anonymous_18)
FNF:13
FNH:13
FNDA:23,generateIndependentPlainValue
FNDA:23,generatePhrasePartQuantity
FNDA:7,generateNounQuantity
FNDA:9,pluralizeNoun
FNDA:38,(anonymous_10)
FNDA:27,(anonymous_11)
FNDA:72,(anonymous_12)
FNDA:51,(anonymous_13)
FNDA:2,generateVerbQuantity
FNDA:7,generateDependentPlainValue
FNDA:23,generatePlainValueForPhrasePart
FNDA:6,mutatePhrasePartWithPlainValue
FNDA:23,(anonymous_18)
DA:2,2
DA:9,23
DA:11,23
DA:12,6
DA:14,17
DA:23,23
DA:24,7
DA:26,16
DA:27,2
DA:30,14
DA:34,7
DA:36,7
DA:37,6
DA:40,1
DA:43,2
DA:44,2
DA:45,2
DA:47,2
DA:50,38
DA:51,2
DA:52,1
DA:54,1
DA:56,27
DA:57,3
DA:59,72
DA:60,1
DA:62,51
DA:63,1
DA:65,2
DA:66,1
DA:68,1
DA:69,1
DA:73,0
DA:77,2
DA:79,2
DA:80,0
DA:84,2
DA:85,0
DA:87,2
DA:95,7
DA:96,7
DA:99,0
DA:102,2
DA:107,23
DA:109,16
DA:112,7
DA:116,2
DA:117,6
DA:118,23
LF:49
LH:45
BRDA:11,0,0,6
BRDA:11,0,1,17
BRDA:23,1,0,7
BRDA:26,2,0,2
BRDA:36,3,0,6
BRDA:50,4,0,2
BRDA:51,5,0,1
BRDA:56,6,0,3
BRDA:59,7,0,1
BRDA:62,8,0,1
BRDA:65,9,0,1
BRDA:68,10,0,1
BRDA:79,11,0,0
BRDA:84,12,0,0
BRDA:84,13,0,2
BRDA:84,13,1,2
BRDA:95,14,0,7
BRDA:107,15,0,16
BRDA:107,15,1,7
BRF:19
BRH:17
end_of_record
TN:
SF:src/test/testPhraseTemplates.ts
FN:5,makeTestPhraseOfOneNoun
FNF:1
FNH:1
FNDA:1,makeTestPhraseOfOneNoun
DA:1,1
DA:2,1
DA:5,1
DA:6,1
DA:7,1
LF:5
LH:5
BRF:0
BRH:0
end_of_record
TN:
SF:src/ui/phrasePartUiProps.ts
FN:4,(anonymous_0)
FN:6,makePhrasePartUiProps
FN:7,(anonymous_2)
FNF:3
FNH:3
FNDA:30,(anonymous_0)
FNDA:9,makePhrasePartUiProps
FNDA:30,(anonymous_2)
DA:4,30
DA:6,3
DA:7,30
LF:3
LH:3
BRF:0
BRH:0
end_of_record
